D:\angular-quickstart\angularQuickstart\angularQuickstart\e2e\app.po.js
D:\angular-quickstart\angularQuickstart\angularQuickstart\e2e\app.po.js.map
D:\angular-quickstart\angularQuickstart\angularQuickstart\e2e\app.e2e-spec.js
D:\angular-quickstart\angularQuickstart\angularQuickstart\e2e\app.e2e-spec.js.map
D:\angular-quickstart\angularQuickstart\angularQuickstart\src\app\app.component.js
D:\angular-quickstart\angularQuickstart\angularQuickstart\src\app\app.component.js.map
D:\angular-quickstart\angularQuickstart\angularQuickstart\src\app\app.module.js
D:\angular-quickstart\angularQuickstart\angularQuickstart\src\app\app.module.js.map
D:\angular-quickstart\angularQuickstart\angularQuickstart\src\environments\environment.js
D:\angular-quickstart\angularQuickstart\angularQuickstart\src\environments\environment.js.map
D:\angular-quickstart\angularQuickstart\angularQuickstart\src\main.js
D:\angular-quickstart\angularQuickstart\angularQuickstart\src\main.js.map
D:\angular-quickstart\angularQuickstart\angularQuickstart\src\polyfills.js
D:\angular-quickstart\angularQuickstart\angularQuickstart\src\polyfills.js.map
D:\angular-quickstart\angularQuickstart\angularQuickstart\src\test.js
D:\angular-quickstart\angularQuickstart\angularQuickstart\src\test.js.map
D:\angular-quickstart\angularQuickstart\angularQuickstart\src\environments\environment.prod.js
D:\angular-quickstart\angularQuickstart\angularQuickstart\src\environments\environment.prod.js.map
D:\angular-quickstart\angularQuickstart\angularQuickstart\src\app\app.component.spec.js
D:\angular-quickstart\angularQuickstart\angularQuickstart\src\app\app.component.spec.js.map
D:\angular-quickstart\angularQuickstart\angularQuickstart\dist\out-tsc\src\app\app.component.js
D:\angular-quickstart\angularQuickstart\angularQuickstart\dist\out-tsc\src\app\app.component.js.map
D:\angular-quickstart\angularQuickstart\angularQuickstart\dist\out-tsc\src\app\app.module.js
D:\angular-quickstart\angularQuickstart\angularQuickstart\dist\out-tsc\src\app\app.module.js.map
D:\angular-quickstart\angularQuickstart\angularQuickstart\dist\out-tsc\src\environments\environment.js
D:\angular-quickstart\angularQuickstart\angularQuickstart\dist\out-tsc\src\environments\environment.js.map
D:\angular-quickstart\angularQuickstart\angularQuickstart\dist\out-tsc\src\main.js
D:\angular-quickstart\angularQuickstart\angularQuickstart\dist\out-tsc\src\main.js.map
D:\angular-quickstart\angularQuickstart\angularQuickstart\dist\out-tsc\src\polyfills.js
D:\angular-quickstart\angularQuickstart\angularQuickstart\dist\out-tsc\src\polyfills.js.map
D:\angular-quickstart\angularQuickstart\angularQuickstart\dist\out-tsc\src\test.js
D:\angular-quickstart\angularQuickstart\angularQuickstart\dist\out-tsc\src\test.js.map
D:\angular-quickstart\angularQuickstart\angularQuickstart\dist\out-tsc\src\environments\environment.prod.js
D:\angular-quickstart\angularQuickstart\angularQuickstart\dist\out-tsc\src\environments\environment.prod.js.map
D:\angular-quickstart\angularQuickstart\angularQuickstart\dist\out-tsc\src\app\app.component.spec.js
D:\angular-quickstart\angularQuickstart\angularQuickstart\dist\out-tsc\src\app\app.component.spec.js.map
D:\angular-quickstart\angularQuickstart\angularQuickstart\dist\out-tsc\e2e\app.po.js
D:\angular-quickstart\angularQuickstart\angularQuickstart\dist\out-tsc\e2e\app.po.js.map
D:\angular-quickstart\angularQuickstart\angularQuickstart\dist\out-tsc\e2e\app.e2e-spec.js
D:\angular-quickstart\angularQuickstart\angularQuickstart\dist\out-tsc\e2e\app.e2e-spec.js.map
D:\angular-quickstart\angularQuickstart\angularQuickstart\e2e\app.po.js
D:\angular-quickstart\angularQuickstart\angularQuickstart\e2e\app.po.js.map
D:\angular-quickstart\angularQuickstart\angularQuickstart\e2e\app.e2e-spec.js
D:\angular-quickstart\angularQuickstart\angularQuickstart\e2e\app.e2e-spec.js.map
D:\angular-quickstart\angularQuickstart\angularQuickstart\src\app\app.component.js
D:\angular-quickstart\angularQuickstart\angularQuickstart\src\app\app.component.js.map
D:\angular-quickstart\angularQuickstart\angularQuickstart\src\app\app.module.js
D:\angular-quickstart\angularQuickstart\angularQuickstart\src\app\app.module.js.map
D:\angular-quickstart\angularQuickstart\angularQuickstart\src\environments\environment.js
D:\angular-quickstart\angularQuickstart\angularQuickstart\src\environments\environment.js.map
D:\angular-quickstart\angularQuickstart\angularQuickstart\src\main.js
D:\angular-quickstart\angularQuickstart\angularQuickstart\src\main.js.map
D:\angular-quickstart\angularQuickstart\angularQuickstart\src\polyfills.js
D:\angular-quickstart\angularQuickstart\angularQuickstart\src\polyfills.js.map
D:\angular-quickstart\angularQuickstart\angularQuickstart\src\test.js
D:\angular-quickstart\angularQuickstart\angularQuickstart\src\test.js.map
D:\angular-quickstart\angularQuickstart\angularQuickstart\src\environments\environment.prod.js
D:\angular-quickstart\angularQuickstart\angularQuickstart\src\environments\environment.prod.js.map
D:\angular-quickstart\angularQuickstart\angularQuickstart\src\app\app.component.spec.js
D:\angular-quickstart\angularQuickstart\angularQuickstart\src\app\app.component.spec.js.map
D:\angular-quickstart\angularQuickstart\angularQuickstart\dist\out-tsc\src\app\app.component.js
D:\angular-quickstart\angularQuickstart\angularQuickstart\dist\out-tsc\src\app\app.component.js.map
D:\angular-quickstart\angularQuickstart\angularQuickstart\dist\out-tsc\src\app\app.module.js
D:\angular-quickstart\angularQuickstart\angularQuickstart\dist\out-tsc\src\app\app.module.js.map
D:\angular-quickstart\angularQuickstart\angularQuickstart\dist\out-tsc\src\environments\environment.js
D:\angular-quickstart\angularQuickstart\angularQuickstart\dist\out-tsc\src\environments\environment.js.map
D:\angular-quickstart\angularQuickstart\angularQuickstart\dist\out-tsc\src\main.js
D:\angular-quickstart\angularQuickstart\angularQuickstart\dist\out-tsc\src\main.js.map
D:\angular-quickstart\angularQuickstart\angularQuickstart\dist\out-tsc\src\polyfills.js
D:\angular-quickstart\angularQuickstart\angularQuickstart\dist\out-tsc\src\polyfills.js.map
D:\angular-quickstart\angularQuickstart\angularQuickstart\dist\out-tsc\src\test.js
D:\angular-quickstart\angularQuickstart\angularQuickstart\dist\out-tsc\src\test.js.map
D:\angular-quickstart\angularQuickstart\angularQuickstart\dist\out-tsc\src\environments\environment.prod.js
D:\angular-quickstart\angularQuickstart\angularQuickstart\dist\out-tsc\src\environments\environment.prod.js.map
D:\angular-quickstart\angularQuickstart\angularQuickstart\dist\out-tsc\src\app\app.component.spec.js
D:\angular-quickstart\angularQuickstart\angularQuickstart\dist\out-tsc\src\app\app.component.spec.js.map
D:\angular-quickstart\angularQuickstart\angularQuickstart\dist\out-tsc\e2e\app.po.js
D:\angular-quickstart\angularQuickstart\angularQuickstart\dist\out-tsc\e2e\app.po.js.map
D:\angular-quickstart\angularQuickstart\angularQuickstart\dist\out-tsc\e2e\app.e2e-spec.js
D:\angular-quickstart\angularQuickstart\angularQuickstart\dist\out-tsc\e2e\app.e2e-spec.js.map
